<?xml version="1.0" encoding="UTF-8"?>
<testsuite xmlns:xsi="http://www.w3.org/2001/XMLSchema-instance" xsi:noNamespaceSchemaLocation="https://maven.apache.org/surefire/maven-surefire-plugin/xsd/surefire-test-report.xsd" name="co.panaderia.domain.services.ProductoServiceTest" time="2.044" tests="5" errors="0" skipped="0" failures="1">
  <properties>
[...]
</properties>
  <testcase name="testActualizar" classname="co.panaderia.domain.services.ProductoServiceTest" time="1.572"/>
  <testcase name="testCrear" classname="co.panaderia.domain.services.ProductoServiceTest" time="0.087"/>
  <testcase name="testList" classname="co.panaderia.domain.services.ProductoServiceTest" time="0.171"/>
  <testcase name="testEliminar" classname="co.panaderia.domain.services.ProductoServiceTest" time="0.105">
    <failure message="expected: &lt;false&gt; but was: &lt;true&gt;" type="org.opentest4j.AssertionFailedError"><![CDATA[org.opentest4j.AssertionFailedError: expected: <false> but was: <true>
	at co.panaderia.domain.services.ProductoServiceTest.testEliminar(ProductoServiceTest.java:88)
]]></failure>
    <system-out><![CDATA[eliminar
]]></system-out>
  </testcase>
  <testcase name="testBuscar" classname="co.panaderia.domain.services.ProductoServiceTest" time="0.091"/>
</testsuite>